This is pdfTeX, Version 3.141592653-2.6-1.40.26 (MiKTeX 24.4) (preloaded format=pdflatex 2024.10.1)  1 OCT 2024 17:32
entering extended mode
 restricted \write18 enabled.
 file:line:error style messages enabled.
 %&-line parsing enabled.
**"c:/Users/naqee/OneDrive1/Desktop/FYP Startup/Documentation/Design Documents/Latex Code/main.tex"
(c:/Users/naqee/OneDrive1/Desktop/FYP Startup/Documentation/Design Documents/Latex Code/main.tex
LaTeX2e <2024-06-01> patch level 2
L3 programming layer <2024-08-30>
(C:\Users\naqee\AppData\Local\Programs\MiKTeX\tex/latex/base\report.cls
Document Class: report 2024/02/08 v1.4n Standard LaTeX document class
(C:\Users\naqee\AppData\Local\Programs\MiKTeX\tex/latex/base\size12.clo
File: size12.clo 2024/02/08 v1.4n Standard LaTeX file (size option)
)
\c@part=\count194
\c@chapter=\count195
\c@section=\count196
\c@subsection=\count197
\c@subsubsection=\count198
\c@paragraph=\count199
\c@subparagraph=\count266
\c@figure=\count267
\c@table=\count268
\abovecaptionskip=\skip49
\belowcaptionskip=\skip50
\bibindent=\dimen141
) (C:\Users\naqee\AppData\Local\Programs\MiKTeX\tex/latex/graphics\graphicx.sty
Package: graphicx 2021/09/16 v1.2d Enhanced LaTeX Graphics (DPC,SPQR)
 (C:\Users\naqee\AppData\Local\Programs\MiKTeX\tex/latex/graphics\keyval.sty
Package: keyval 2022/05/29 v1.15 key=value parser (DPC)
\KV@toks@=\toks17
) (C:\Users\naqee\AppData\Local\Programs\MiKTeX\tex/latex/graphics\graphics.sty
Package: graphics 2024/05/23 v1.4g Standard LaTeX Graphics (DPC,SPQR)
 (C:\Users\naqee\AppData\Local\Programs\MiKTeX\tex/latex/graphics\trig.sty
Package: trig 2023/12/02 v1.11 sin cos tan (DPC)
) (C:\Users\naqee\AppData\Local\Programs\MiKTeX\tex/latex/graphics-cfg\graphics.cfg
File: graphics.cfg 2016/06/04 v1.11 sample graphics configuration
)
Package graphics Info: Driver file: pdftex.def on input line 106.
 (C:\Users\naqee\AppData\Local\Programs\MiKTeX\tex/latex/graphics-def\pdftex.def
File: pdftex.def 2024/04/13 v1.2c Graphics/color driver for pdftex
))
\Gin@req@height=\dimen142
\Gin@req@width=\dimen143
) (C:\Users\naqee\AppData\Local\Programs\MiKTeX\tex/latex/geometry\geometry.sty
Package: geometry 2020/01/02 v5.9 Page Geometry
 (C:\Users\naqee\AppData\Local\Programs\MiKTeX\tex/generic/iftex\ifvtex.sty
Package: ifvtex 2019/10/25 v1.7 ifvtex legacy package. Use iftex instead.
 (C:\Users\naqee\AppData\Local\Programs\MiKTeX\tex/generic/iftex\iftex.sty
Package: iftex 2022/02/03 v1.0f TeX engine tests
))
\Gm@cnth=\count269
\Gm@cntv=\count270
\c@Gm@tempcnt=\count271
\Gm@bindingoffset=\dimen144
\Gm@wd@mp=\dimen145
\Gm@odd@mp=\dimen146
\Gm@even@mp=\dimen147
\Gm@layoutwidth=\dimen148
\Gm@layoutheight=\dimen149
\Gm@layouthoffset=\dimen150
\Gm@layoutvoffset=\dimen151
\Gm@dimlist=\toks18
 (C:\Users\naqee\AppData\Local\Programs\MiKTeX\tex/latex/geometry\geometry.cfg)) (C:\Users\naqee\AppData\Local\Programs\MiKTeX\tex/latex/setspace\setspace.sty
Package: setspace 2022/12/04 v6.7b set line spacing
) (C:\Users\naqee\AppData\Local\Programs\MiKTeX\tex/latex/titlesec\titlesec.sty
Package: titlesec 2023/10/27 v2.16 Sectioning titles
\ttl@box=\box52
\beforetitleunit=\skip51
\aftertitleunit=\skip52
\ttl@plus=\dimen152
\ttl@minus=\dimen153
\ttl@toksa=\toks19
\titlewidth=\dimen154
\titlewidthlast=\dimen155
\titlewidthfirst=\dimen156
) (C:\Users\naqee\AppData\Local\Programs\MiKTeX\tex/latex/fancyhdr\fancyhdr.sty
Package: fancyhdr 2024/07/23 v4.3.1 Extensive control of page headers and footers
\f@nch@headwidth=\skip53
\f@nch@O@elh=\skip54
\f@nch@O@erh=\skip55
\f@nch@O@olh=\skip56
\f@nch@O@orh=\skip57
\f@nch@O@elf=\skip58
\f@nch@O@erf=\skip59
\f@nch@O@olf=\skip60
\f@nch@O@orf=\skip61
) (C:\Users\naqee\AppData\Local\Programs\MiKTeX\tex/latex/booktabs\booktabs.sty
Package: booktabs 2020/01/12 v1.61803398 Publication quality tables
\heavyrulewidth=\dimen157
\lightrulewidth=\dimen158
\cmidrulewidth=\dimen159
\belowrulesep=\dimen160
\belowbottomsep=\dimen161
\aboverulesep=\dimen162
\abovetopsep=\dimen163
\cmidrulesep=\dimen164
\cmidrulekern=\dimen165
\defaultaddspace=\dimen166
\@cmidla=\count272
\@cmidlb=\count273
\@aboverulesep=\dimen167
\@belowrulesep=\dimen168
\@thisruleclass=\count274
\@lastruleclass=\count275
\@thisrulewidth=\dimen169
) (C:\Users\naqee\AppData\Local\Programs\MiKTeX\tex/latex/enumitem\enumitem.sty
Package: enumitem 2019/06/20 v3.9 Customized lists
\labelindent=\skip62
\enit@outerparindent=\dimen170
\enit@toks=\toks20
\enit@inbox=\box53
\enit@count@id=\count276
\enitdp@description=\count277
) (C:\Users\naqee\AppData\Local\Programs\MiKTeX\tex/latex/adjustbox\adjustbox.sty
Package: adjustbox 2022/10/17 v1.3a Adjusting TeX boxes (trim, clip, ...)
 (C:\Users\naqee\AppData\Local\Programs\MiKTeX\tex/latex/xkeyval\xkeyval.sty
Package: xkeyval 2022/06/16 v2.9 package option processing (HA)
 (C:\Users\naqee\AppData\Local\Programs\MiKTeX\tex/generic/xkeyval\xkeyval.tex (C:\Users\naqee\AppData\Local\Programs\MiKTeX\tex/generic/xkeyval\xkvutils.tex
\XKV@toks=\toks21
\XKV@tempa@toks=\toks22
)
\XKV@depth=\count278
File: xkeyval.tex 2014/12/03 v2.7a key=value parser (HA)
)) (C:\Users\naqee\AppData\Local\Programs\MiKTeX\tex/latex/adjustbox\adjcalc.sty
Package: adjcalc 2012/05/16 v1.1 Provides advanced setlength with multiple back-ends (calc, etex, pgfmath)
) (C:\Users\naqee\AppData\Local\Programs\MiKTeX\tex/latex/adjustbox\trimclip.sty
Package: trimclip 2020/08/19 v1.2 Trim and clip general TeX material
 (C:\Users\naqee\AppData\Local\Programs\MiKTeX\tex/latex/collectbox\collectbox.sty
Package: collectbox 2022/10/17 v0.4c Collect macro arguments as boxes
\collectedbox=\box54
)
\tc@llx=\dimen171
\tc@lly=\dimen172
\tc@urx=\dimen173
\tc@ury=\dimen174
Package trimclip Info: Using driver 'tc-pdftex.def'.
 (C:\Users\naqee\AppData\Local\Programs\MiKTeX\tex/latex/adjustbox\tc-pdftex.def
File: tc-pdftex.def 2019/01/04 v2.2 Clipping driver for pdftex
))
\adjbox@Width=\dimen175
\adjbox@Height=\dimen176
\adjbox@Depth=\dimen177
\adjbox@Totalheight=\dimen178
\adjbox@pwidth=\dimen179
\adjbox@pheight=\dimen180
\adjbox@pdepth=\dimen181
\adjbox@ptotalheight=\dimen182
 (C:\Users\naqee\AppData\Local\Programs\MiKTeX\tex/latex/ifoddpage\ifoddpage.sty
Package: ifoddpage 2022/10/18 v1.2 Conditionals for odd/even page detection
\c@checkoddpage=\count279
) (C:\Users\naqee\AppData\Local\Programs\MiKTeX\tex/latex/varwidth\varwidth.sty
Package: varwidth 2009/03/30 ver 0.92;  Variable-width minipages
\@vwid@box=\box55
\sift@deathcycles=\count280
\@vwid@loff=\dimen183
\@vwid@roff=\dimen184
)) (C:\Users\naqee\AppData\Local\Programs\MiKTeX\tex/latex/placeins\placeins.sty
Package: placeins 2005/04/18  v 2.2
) (C:\Users\naqee\AppData\Local\Programs\MiKTeX\tex/latex/lipsum\lipsum.sty (C:\Users\naqee\AppData\Local\Programs\MiKTeX\tex/latex/l3packages/l3keys2e\l3keys2e.sty (C:\Users\naqee\AppData\Local\Programs\MiKTeX\tex/latex/l3kernel\expl3.sty
Package: expl3 2024-08-30 L3 programming layer (loader) 
 (C:\Users\naqee\AppData\Local\Programs\MiKTeX\tex/latex/l3backend\l3backend-pdftex.def
File: l3backend-pdftex.def 2024-05-08 L3 backend support: PDF output (pdfTeX)
\l__color_backend_stack_int=\count281
\l__pdf_internal_box=\box56
))
Package: l3keys2e 2024-08-16 LaTeX2e option processing using LaTeX3 keys
)
Package: lipsum 2021-09-20 v2.7 150 paragraphs of Lorem Ipsum dummy text
\g__lipsum_par_int=\count282
\l__lipsum_a_int=\count283
\l__lipsum_b_int=\count284
 (C:\Users\naqee\AppData\Local\Programs\MiKTeX\tex/latex/lipsum\lipsum.ltd.tex)) (C:\Users\naqee\AppData\Local\Programs\MiKTeX\tex/latex/hyperref\hyperref.sty
Package: hyperref 2024-07-10 v7.01j Hypertext links for LaTeX
 (C:\Users\naqee\AppData\Local\Programs\MiKTeX\tex/latex/kvsetkeys\kvsetkeys.sty
Package: kvsetkeys 2022-10-05 v1.19 Key value parser (HO)
) (C:\Users\naqee\AppData\Local\Programs\MiKTeX\tex/generic/kvdefinekeys\kvdefinekeys.sty
Package: kvdefinekeys 2019-12-19 v1.6 Define keys (HO)
) (C:\Users\naqee\AppData\Local\Programs\MiKTeX\tex/generic/pdfescape\pdfescape.sty
Package: pdfescape 2019/12/09 v1.15 Implements pdfTeX's escape features (HO)
 (C:\Users\naqee\AppData\Local\Programs\MiKTeX\tex/generic/ltxcmds\ltxcmds.sty
Package: ltxcmds 2023-12-04 v1.26 LaTeX kernel commands for general use (HO)
) (C:\Users\naqee\AppData\Local\Programs\MiKTeX\tex/generic/pdftexcmds\pdftexcmds.sty
Package: pdftexcmds 2020-06-27 v0.33 Utility functions of pdfTeX for LuaTeX (HO)
 (C:\Users\naqee\AppData\Local\Programs\MiKTeX\tex/generic/infwarerr\infwarerr.sty
Package: infwarerr 2019/12/03 v1.5 Providing info/warning/error messages (HO)
)
Package pdftexcmds Info: \pdf@primitive is available.
Package pdftexcmds Info: \pdf@ifprimitive is available.
Package pdftexcmds Info: \pdfdraftmode found.
)) (C:\Users\naqee\AppData\Local\Programs\MiKTeX\tex/latex/hycolor\hycolor.sty
Package: hycolor 2020-01-27 v1.10 Color options for hyperref/bookmark (HO)
) (C:\Users\naqee\AppData\Local\Programs\MiKTeX\tex/latex/hyperref\nameref.sty
Package: nameref 2023-11-26 v2.56 Cross-referencing by name of section
 (C:\Users\naqee\AppData\Local\Programs\MiKTeX\tex/latex/refcount\refcount.sty
Package: refcount 2019/12/15 v3.6 Data extraction from label references (HO)
) (C:\Users\naqee\AppData\Local\Programs\MiKTeX\tex/generic/gettitlestring\gettitlestring.sty
Package: gettitlestring 2019/12/15 v1.6 Cleanup title references (HO)
 (C:\Users\naqee\AppData\Local\Programs\MiKTeX\tex/latex/kvoptions\kvoptions.sty
Package: kvoptions 2022-06-15 v3.15 Key value format for package options (HO)
))
\c@section@level=\count285
) (C:\Users\naqee\AppData\Local\Programs\MiKTeX\tex/latex/etoolbox\etoolbox.sty
Package: etoolbox 2020/10/05 v2.5k e-TeX tools for LaTeX (JAW)
\etb@tempcnta=\count286
) (C:\Users\naqee\AppData\Local\Programs\MiKTeX\tex/generic/stringenc\stringenc.sty
Package: stringenc 2019/11/29 v1.12 Convert strings between diff. encodings (HO)
)
\@linkdim=\dimen185
\Hy@linkcounter=\count287
\Hy@pagecounter=\count288
 (C:\Users\naqee\AppData\Local\Programs\MiKTeX\tex/latex/hyperref\pd1enc.def
File: pd1enc.def 2024-07-10 v7.01j Hyperref: PDFDocEncoding definition (HO)
Now handling font encoding PD1 ...
... no UTF-8 mapping file for font encoding PD1
) (C:\Users\naqee\AppData\Local\Programs\MiKTeX\tex/generic/intcalc\intcalc.sty
Package: intcalc 2019/12/15 v1.3 Expandable calculations with integers (HO)
)
\Hy@SavedSpaceFactor=\count289
 (C:\Users\naqee\AppData\Local\Programs\MiKTeX\tex/latex/hyperref\puenc.def
File: puenc.def 2024-07-10 v7.01j Hyperref: PDF Unicode definition (HO)
Now handling font encoding PU ...
... no UTF-8 mapping file for font encoding PU
)
Package hyperref Info: Option `breaklinks' set `true' on input line 4040.
Package hyperref Info: Hyper figures OFF on input line 4157.
Package hyperref Info: Link nesting OFF on input line 4162.
Package hyperref Info: Hyper index ON on input line 4165.
Package hyperref Info: Plain pages OFF on input line 4172.
Package hyperref Info: Backreferencing OFF on input line 4177.
Package hyperref Info: Implicit mode ON; LaTeX internals redefined.
Package hyperref Info: Bookmarks ON on input line 4424.
\c@Hy@tempcnt=\count290
 (C:\Users\naqee\AppData\Local\Programs\MiKTeX\tex/latex/url\url.sty
\Urlmuskip=\muskip17
Package: url 2013/09/16  ver 3.4  Verb mode for urls, etc.
)
LaTeX Info: Redefining \url on input line 4763.
\XeTeXLinkMargin=\dimen186
 (C:\Users\naqee\AppData\Local\Programs\MiKTeX\tex/generic/bitset\bitset.sty
Package: bitset 2019/12/09 v1.3 Handle bit-vector datatype (HO)
 (C:\Users\naqee\AppData\Local\Programs\MiKTeX\tex/generic/bigintcalc\bigintcalc.sty
Package: bigintcalc 2019/12/15 v1.5 Expandable calculations on big integers (HO)
))
\Fld@menulength=\count291
\Field@Width=\dimen187
\Fld@charsize=\dimen188
Package hyperref Info: Hyper figures OFF on input line 6042.
Package hyperref Info: Link nesting OFF on input line 6047.
Package hyperref Info: Hyper index ON on input line 6050.
Package hyperref Info: backreferencing OFF on input line 6057.
Package hyperref Info: Link coloring OFF on input line 6062.
Package hyperref Info: Link coloring with OCG OFF on input line 6067.
Package hyperref Info: PDF/A mode OFF on input line 6072.
 (C:\Users\naqee\AppData\Local\Programs\MiKTeX\tex/latex/base\atbegshi-ltx.sty
Package: atbegshi-ltx 2021/01/10 v1.0c Emulation of the original atbegshi
package with kernel methods
)
\Hy@abspage=\count292
\c@Item=\count293
\c@Hfootnote=\count294
)
Package hyperref Info: Driver (autodetected): hpdftex.
 (C:\Users\naqee\AppData\Local\Programs\MiKTeX\tex/latex/hyperref\hpdftex.def
File: hpdftex.def 2024-07-10 v7.01j Hyperref driver for pdfTeX
 (C:\Users\naqee\AppData\Local\Programs\MiKTeX\tex/latex/base\atveryend-ltx.sty
Package: atveryend-ltx 2020/08/19 v1.0a Emulation of the original atveryend package
with kernel methods
)
\Fld@listcount=\count295
\c@bookmark@seq@number=\count296
 (C:\Users\naqee\AppData\Local\Programs\MiKTeX\tex/latex/rerunfilecheck\rerunfilecheck.sty
Package: rerunfilecheck 2022-07-10 v1.10 Rerun checks for auxiliary files (HO)
 (C:\Users\naqee\AppData\Local\Programs\MiKTeX\tex/generic/uniquecounter\uniquecounter.sty
Package: uniquecounter 2019/12/15 v1.4 Provide unlimited unique counter (HO)
)
Package uniquecounter Info: New unique counter `rerunfilecheck' on input line 285.
)
\Hy@SectionHShift=\skip63
) (main.aux)
\openout1 = `main.aux'.

LaTeX Font Info:    Checking defaults for OML/cmm/m/it on input line 30.
LaTeX Font Info:    ... okay on input line 30.
LaTeX Font Info:    Checking defaults for OMS/cmsy/m/n on input line 30.
LaTeX Font Info:    ... okay on input line 30.
LaTeX Font Info:    Checking defaults for OT1/cmr/m/n on input line 30.
LaTeX Font Info:    ... okay on input line 30.
LaTeX Font Info:    Checking defaults for T1/cmr/m/n on input line 30.
LaTeX Font Info:    ... okay on input line 30.
LaTeX Font Info:    Checking defaults for TS1/cmr/m/n on input line 30.
LaTeX Font Info:    ... okay on input line 30.
LaTeX Font Info:    Checking defaults for OMX/cmex/m/n on input line 30.
LaTeX Font Info:    ... okay on input line 30.
LaTeX Font Info:    Checking defaults for U/cmr/m/n on input line 30.
LaTeX Font Info:    ... okay on input line 30.
LaTeX Font Info:    Checking defaults for PD1/pdf/m/n on input line 30.
LaTeX Font Info:    ... okay on input line 30.
LaTeX Font Info:    Checking defaults for PU/pdf/m/n on input line 30.
LaTeX Font Info:    ... okay on input line 30.
 (C:\Users\naqee\AppData\Local\Programs\MiKTeX\tex/context/base/mkii\supp-pdf.mkii
[Loading MPS to PDF converter (version 2006.09.02).]
\scratchcounter=\count297
\scratchdimen=\dimen189
\scratchbox=\box57
\nofMPsegments=\count298
\nofMParguments=\count299
\everyMPshowfont=\toks23
\MPscratchCnt=\count300
\MPscratchDim=\dimen190
\MPnumerator=\count301
\makeMPintoPDFobject=\count302
\everyMPtoPDFconversion=\toks24
) (C:\Users\naqee\AppData\Local\Programs\MiKTeX\tex/latex/epstopdf-pkg\epstopdf-base.sty
Package: epstopdf-base 2020-01-24 v2.11 Base part for package epstopdf
Package epstopdf-base Info: Redefining graphics rule for `.eps' on input line 485.
 (C:\Users\naqee\AppData\Local\Programs\MiKTeX\tex/latex/00miktex\epstopdf-sys.cfg
File: epstopdf-sys.cfg 2021/03/18 v2.0 Configuration of epstopdf for MiKTeX
))
*geometry* driver: auto-detecting
*geometry* detected driver: pdftex
*geometry* verbose mode - [ preamble ] result:
* driver: pdftex
* paper: a4paper
* layout: <same size as paper>
* layoutoffset:(h,v)=(0.0pt,0.0pt)
* modes: 
* h-part:(L,W,R)=(72.26999pt, 452.9679pt, 72.26999pt)
* v-part:(T,H,B)=(72.26999pt, 700.50687pt, 72.26999pt)
* \paperwidth=597.50787pt
* \paperheight=845.04684pt
* \textwidth=452.9679pt
* \textheight=700.50687pt
* \oddsidemargin=0.0pt
* \evensidemargin=0.0pt
* \topmargin=-37.0pt
* \headheight=12.0pt
* \headsep=25.0pt
* \topskip=12.0pt
* \footskip=30.0pt
* \marginparwidth=44.0pt
* \marginparsep=10.0pt
* \columnsep=10.0pt
* \skip\footins=10.8pt plus 4.0pt minus 2.0pt
* \hoffset=0.0pt
* \voffset=0.0pt
* \mag=1000
* \@twocolumnfalse
* \@twosidefalse
* \@mparswitchfalse
* \@reversemarginfalse
* (1in=72.27pt=25.4mm, 1cm=28.453pt)

Package hyperref Info: Link coloring OFF on input line 30.
\@outlinefile=\write3
\openout3 = `main.out'.

<Media/uet.png, id=3, 2044.63875pt x 2051.665pt>
File: Media/uet.png Graphic file (type png)
<use Media/uet.png>
Package pdftex.def Info: Media/uet.png  used on input line 43.
(pdftex.def)             Requested size: 181.18439pt x 181.79305pt.


[1

{C:/Users/naqee/AppData/Local/MiKTeX/fonts/map/pdftex/pdftex.map} <./Media/uet.png>]
No file main.toc.
\tf@toc=\write4
\openout4 = `main.toc'.




pdfTeX warning (ext4): destination with the same identifier (name{page.1}) has been already used, duplicate ignored
<to be read again> 
                   \relax 
l.74 \newpage
              [1

]
No file main.lof.
\tf@lof=\write5
\openout5 = `main.lof'.



[2

]
No file main.lot.
\tf@lot=\write6
\openout6 = `main.lot'.



[3

]
Chapter 1.


[4

]


Package fancyhdr Warning: \headheight is too small (12.0pt): 
(fancyhdr)                Make it at least 14.49998pt, for example:
(fancyhdr)                \setlength{\headheight}{14.49998pt}.
(fancyhdr)                You might also make \topmargin smaller to compensate:
(fancyhdr)                \addtolength{\topmargin}{-2.49998pt}.

[5]


Package fancyhdr Warning: \headheight is too small (12.0pt): 
(fancyhdr)                Make it at least 14.49998pt, for example:
(fancyhdr)                \setlength{\headheight}{14.49998pt}.
(fancyhdr)                You might also make \topmargin smaller to compensate:
(fancyhdr)                \addtolength{\topmargin}{-2.49998pt}.

[6]
<Media/uc.jpg, id=46, 695.59875pt x 562.35094pt>
File: Media/uc.jpg Graphic file (type jpg)
<use Media/uc.jpg>
Package pdftex.def Info: Media/uc.jpg  used on input line 146.
(pdftex.def)             Requested size: 452.9679pt x 366.19307pt.



Package fancyhdr Warning: \headheight is too small (12.0pt): 
(fancyhdr)                Make it at least 14.49998pt, for example:
(fancyhdr)                \setlength{\headheight}{14.49998pt}.
(fancyhdr)                You might also make \topmargin smaller to compensate:
(fancyhdr)                \addtolength{\topmargin}{-2.49998pt}.

[7]
LaTeX Font Info:    External font `cmex10' loaded for size
(Font)              <12> on input line 154.
LaTeX Font Info:    External font `cmex10' loaded for size
(Font)              <8> on input line 154.
LaTeX Font Info:    External font `cmex10' loaded for size
(Font)              <6> on input line 154.


LaTeX Warning: `!h' float specifier changed to `!ht'.


LaTeX Warning: `!h' float specifier changed to `!ht'.


LaTeX Warning: `!h' float specifier changed to `!ht'.


LaTeX Warning: `!h' float specifier changed to `!ht'.




Package fancyhdr Warning: \headheight is too small (12.0pt): 
(fancyhdr)                Make it at least 14.49998pt, for example:
(fancyhdr)                \setlength{\headheight}{14.49998pt}.
(fancyhdr)                You might also make \topmargin smaller to compensate:
(fancyhdr)                \addtolength{\topmargin}{-2.49998pt}.

[8 <./Media/uc.jpg>]


Package fancyhdr Warning: \headheight is too small (12.0pt): 
(fancyhdr)                Make it at least 14.49998pt, for example:
(fancyhdr)                \setlength{\headheight}{14.49998pt}.
(fancyhdr)                You might also make \topmargin smaller to compensate:
(fancyhdr)                \addtolength{\topmargin}{-2.49998pt}.

[9]


Package fancyhdr Warning: \headheight is too small (12.0pt): 
(fancyhdr)                Make it at least 14.49998pt, for example:
(fancyhdr)                \setlength{\headheight}{14.49998pt}.
(fancyhdr)                You might also make \topmargin smaller to compensate:
(fancyhdr)                \addtolength{\topmargin}{-2.49998pt}.

[10]


Package fancyhdr Warning: \headheight is too small (12.0pt): 
(fancyhdr)                Make it at least 14.49998pt, for example:
(fancyhdr)                \setlength{\headheight}{14.49998pt}.
(fancyhdr)                You might also make \topmargin smaller to compensate:
(fancyhdr)                \addtolength{\topmargin}{-2.49998pt}.

[11]


Package fancyhdr Warning: \headheight is too small (12.0pt): 
(fancyhdr)                Make it at least 14.49998pt, for example:
(fancyhdr)                \setlength{\headheight}{14.49998pt}.
(fancyhdr)                You might also make \topmargin smaller to compensate:
(fancyhdr)                \addtolength{\topmargin}{-2.49998pt}.

[12]


Package fancyhdr Warning: \headheight is too small (12.0pt): 
(fancyhdr)                Make it at least 14.49998pt, for example:
(fancyhdr)                \setlength{\headheight}{14.49998pt}.
(fancyhdr)                You might also make \topmargin smaller to compensate:
(fancyhdr)                \addtolength{\topmargin}{-2.49998pt}.

[13


]


Package fancyhdr Warning: \headheight is too small (12.0pt): 
(fancyhdr)                Make it at least 14.49998pt, for example:
(fancyhdr)                \setlength{\headheight}{14.49998pt}.
(fancyhdr)                You might also make \topmargin smaller to compensate:
(fancyhdr)                \addtolength{\topmargin}{-2.49998pt}.

[14

]
Underfull \hbox (badness 1609) in paragraph at lines 472--473
[]\OT1/cmr/m/n/12 Customization failed: User must re-fresh the
 []




Package fancyhdr Warning: \headheight is too small (12.0pt): 
(fancyhdr)                Make it at least 14.49998pt, for example:
(fancyhdr)                \setlength{\headheight}{14.49998pt}.
(fancyhdr)                You might also make \topmargin smaller to compensate:
(fancyhdr)                \addtolength{\topmargin}{-2.49998pt}.

[15

]


Package fancyhdr Warning: \headheight is too small (12.0pt): 
(fancyhdr)                Make it at least 14.49998pt, for example:
(fancyhdr)                \setlength{\headheight}{14.49998pt}.
(fancyhdr)                You might also make \topmargin smaller to compensate:
(fancyhdr)                \addtolength{\topmargin}{-2.49998pt}.

[16

]


Package fancyhdr Warning: \headheight is too small (12.0pt): 
(fancyhdr)                Make it at least 14.49998pt, for example:
(fancyhdr)                \setlength{\headheight}{14.49998pt}.
(fancyhdr)                You might also make \topmargin smaller to compensate:
(fancyhdr)                \addtolength{\topmargin}{-2.49998pt}.

[17

]


Package fancyhdr Warning: \headheight is too small (12.0pt): 
(fancyhdr)                Make it at least 14.49998pt, for example:
(fancyhdr)                \setlength{\headheight}{14.49998pt}.
(fancyhdr)                You might also make \topmargin smaller to compensate:
(fancyhdr)                \addtolength{\topmargin}{-2.49998pt}.

[18

]


Package fancyhdr Warning: \headheight is too small (12.0pt): 
(fancyhdr)                Make it at least 14.49998pt, for example:
(fancyhdr)                \setlength{\headheight}{14.49998pt}.
(fancyhdr)                You might also make \topmargin smaller to compensate:
(fancyhdr)                \addtolength{\topmargin}{-2.49998pt}.

[19

]


Package fancyhdr Warning: \headheight is too small (12.0pt): 
(fancyhdr)                Make it at least 14.49998pt, for example:
(fancyhdr)                \setlength{\headheight}{14.49998pt}.
(fancyhdr)                You might also make \topmargin smaller to compensate:
(fancyhdr)                \addtolength{\topmargin}{-2.49998pt}.

[20

]
Chapter 2.


pdfTeX warning: pdflatex (file ./Media/1 .pdf): PDF inclusion: found PDF version <1.7>, but at most version <1.5> allowed
<Media/1 .pdf, id=119, 1770.615pt x 794.97pt>
File: Media/1 .pdf Graphic file (type pdf)
<use Media/1 .pdf>
Package pdftex.def Info: Media/1 .pdf  used on input line 712.
(pdftex.def)             Requested size: 452.9679pt x 203.36363pt.

LaTeX Warning: `!h' float specifier changed to `!ht'.


LaTeX Warning: `!h' float specifier changed to `!ht'.


LaTeX Warning: `!h' float specifier changed to `!ht'.


LaTeX Warning: `!h' float specifier changed to `!ht'.


LaTeX Warning: `!h' float specifier changed to `!ht'.


LaTeX Warning: `!h' float specifier changed to `!ht'.


LaTeX Warning: `!h' float specifier changed to `!ht'.



[21


 <./Media/1 .pdf>]


Package fancyhdr Warning: \headheight is too small (12.0pt): 
(fancyhdr)                Make it at least 14.49998pt, for example:
(fancyhdr)                \setlength{\headheight}{14.49998pt}.
(fancyhdr)                You might also make \topmargin smaller to compensate:
(fancyhdr)                \addtolength{\topmargin}{-2.49998pt}.

[22]


Package fancyhdr Warning: \headheight is too small (12.0pt): 
(fancyhdr)                Make it at least 14.49998pt, for example:
(fancyhdr)                \setlength{\headheight}{14.49998pt}.
(fancyhdr)                You might also make \topmargin smaller to compensate:
(fancyhdr)                \addtolength{\topmargin}{-2.49998pt}.

[23]


Package fancyhdr Warning: \headheight is too small (12.0pt): 
(fancyhdr)                Make it at least 14.49998pt, for example:
(fancyhdr)                \setlength{\headheight}{14.49998pt}.
(fancyhdr)                You might also make \topmargin smaller to compensate:
(fancyhdr)                \addtolength{\topmargin}{-2.49998pt}.

[24]


Package fancyhdr Warning: \headheight is too small (12.0pt): 
(fancyhdr)                Make it at least 14.49998pt, for example:
(fancyhdr)                \setlength{\headheight}{14.49998pt}.
(fancyhdr)                You might also make \topmargin smaller to compensate:
(fancyhdr)                \addtolength{\topmargin}{-2.49998pt}.

[25]
<Media/Binder2.pdf_Page_01.jpg, id=162, 614.65277pt x 794.97pt>
File: Media/Binder2.pdf_Page_01.jpg Graphic file (type jpg)
<use Media/Binder2.pdf_Page_01.jpg>
Package pdftex.def Info: Media/Binder2.pdf_Page_01.jpg  used on input line 975.
(pdftex.def)             Requested size: 362.37569pt x 468.70071pt.
<Media/Binder2.pdf_Page_02.jpg, id=163, 614.65277pt x 794.97pt>
File: Media/Binder2.pdf_Page_02.jpg Graphic file (type jpg)
<use Media/Binder2.pdf_Page_02.jpg>
Package pdftex.def Info: Media/Binder2.pdf_Page_02.jpg  used on input line 982.
(pdftex.def)             Requested size: 362.37569pt x 468.70071pt.
<Media/Binder2.pdf_Page_03.jpg, id=164, 614.65277pt x 794.97pt>
File: Media/Binder2.pdf_Page_03.jpg Graphic file (type jpg)
<use Media/Binder2.pdf_Page_03.jpg>
Package pdftex.def Info: Media/Binder2.pdf_Page_03.jpg  used on input line 989.
(pdftex.def)             Requested size: 362.37569pt x 468.70071pt.
<Media/Binder2.pdf_Page_04.jpg, id=165, 614.65277pt x 794.97pt>
File: Media/Binder2.pdf_Page_04.jpg Graphic file (type jpg)
<use Media/Binder2.pdf_Page_04.jpg>
Package pdftex.def Info: Media/Binder2.pdf_Page_04.jpg  used on input line 996.
(pdftex.def)             Requested size: 362.37569pt x 468.70071pt.
<Media/Binder2.pdf_Page_05.jpg, id=166, 614.65277pt x 794.97pt>
File: Media/Binder2.pdf_Page_05.jpg Graphic file (type jpg)
<use Media/Binder2.pdf_Page_05.jpg>
Package pdftex.def Info: Media/Binder2.pdf_Page_05.jpg  used on input line 1003.
(pdftex.def)             Requested size: 362.37569pt x 468.70071pt.
<Media/Binder2.pdf_Page_06.jpg, id=167, 614.65277pt x 794.97pt>
File: Media/Binder2.pdf_Page_06.jpg Graphic file (type jpg)
<use Media/Binder2.pdf_Page_06.jpg>
Package pdftex.def Info: Media/Binder2.pdf_Page_06.jpg  used on input line 1010.
(pdftex.def)             Requested size: 362.37569pt x 468.70071pt.
<Media/Binder2.pdf_Page_07.jpg, id=168, 614.65277pt x 794.97pt>
File: Media/Binder2.pdf_Page_07.jpg Graphic file (type jpg)
<use Media/Binder2.pdf_Page_07.jpg>
Package pdftex.def Info: Media/Binder2.pdf_Page_07.jpg  used on input line 1017.
(pdftex.def)             Requested size: 362.37569pt x 468.70071pt.
<Media/Binder2.pdf_Page_08.jpg, id=169, 614.65277pt x 794.97pt>
File: Media/Binder2.pdf_Page_08.jpg Graphic file (type jpg)
<use Media/Binder2.pdf_Page_08.jpg>
Package pdftex.def Info: Media/Binder2.pdf_Page_08.jpg  used on input line 1024.
(pdftex.def)             Requested size: 362.37569pt x 468.70071pt.
<Media/Binder2.pdf_Page_09.jpg, id=170, 614.65277pt x 794.97pt>
File: Media/Binder2.pdf_Page_09.jpg Graphic file (type jpg)
<use Media/Binder2.pdf_Page_09.jpg>
Package pdftex.def Info: Media/Binder2.pdf_Page_09.jpg  used on input line 1031.
(pdftex.def)             Requested size: 362.37569pt x 468.70071pt.
<Media/Binder2.pdf_Page_10.jpg, id=171, 614.65277pt x 794.97pt>
File: Media/Binder2.pdf_Page_10.jpg Graphic file (type jpg)
<use Media/Binder2.pdf_Page_10.jpg>
Package pdftex.def Info: Media/Binder2.pdf_Page_10.jpg  used on input line 1038.
(pdftex.def)             Requested size: 362.37569pt x 468.70071pt.
<Media/Binder2.pdf_Page_11.jpg, id=172, 614.65277pt x 794.97pt>
File: Media/Binder2.pdf_Page_11.jpg Graphic file (type jpg)
<use Media/Binder2.pdf_Page_11.jpg>
Package pdftex.def Info: Media/Binder2.pdf_Page_11.jpg  used on input line 1045.
(pdftex.def)             Requested size: 362.37569pt x 468.70071pt.



Package fancyhdr Warning: \headheight is too small (12.0pt): 
(fancyhdr)                Make it at least 14.49998pt, for example:
(fancyhdr)                \setlength{\headheight}{14.49998pt}.
(fancyhdr)                You might also make \topmargin smaller to compensate:
(fancyhdr)                \addtolength{\topmargin}{-2.49998pt}.

[26

 <./Media/Binder2.pdf_Page_01.jpg>]


Package fancyhdr Warning: \headheight is too small (12.0pt): 
(fancyhdr)                Make it at least 14.49998pt, for example:
(fancyhdr)                \setlength{\headheight}{14.49998pt}.
(fancyhdr)                You might also make \topmargin smaller to compensate:
(fancyhdr)                \addtolength{\topmargin}{-2.49998pt}.

[27 <./Media/Binder2.pdf_Page_02.jpg>]


Package fancyhdr Warning: \headheight is too small (12.0pt): 
(fancyhdr)                Make it at least 14.49998pt, for example:
(fancyhdr)                \setlength{\headheight}{14.49998pt}.
(fancyhdr)                You might also make \topmargin smaller to compensate:
(fancyhdr)                \addtolength{\topmargin}{-2.49998pt}.

[28 <./Media/Binder2.pdf_Page_03.jpg>]


Package fancyhdr Warning: \headheight is too small (12.0pt): 
(fancyhdr)                Make it at least 14.49998pt, for example:
(fancyhdr)                \setlength{\headheight}{14.49998pt}.
(fancyhdr)                You might also make \topmargin smaller to compensate:
(fancyhdr)                \addtolength{\topmargin}{-2.49998pt}.

[29 <./Media/Binder2.pdf_Page_04.jpg>]


Package fancyhdr Warning: \headheight is too small (12.0pt): 
(fancyhdr)                Make it at least 14.49998pt, for example:
(fancyhdr)                \setlength{\headheight}{14.49998pt}.
(fancyhdr)                You might also make \topmargin smaller to compensate:
(fancyhdr)                \addtolength{\topmargin}{-2.49998pt}.

[30 <./Media/Binder2.pdf_Page_05.jpg>]


Package fancyhdr Warning: \headheight is too small (12.0pt): 
(fancyhdr)                Make it at least 14.49998pt, for example:
(fancyhdr)                \setlength{\headheight}{14.49998pt}.
(fancyhdr)                You might also make \topmargin smaller to compensate:
(fancyhdr)                \addtolength{\topmargin}{-2.49998pt}.

[31 <./Media/Binder2.pdf_Page_06.jpg>]


Package fancyhdr Warning: \headheight is too small (12.0pt): 
(fancyhdr)                Make it at least 14.49998pt, for example:
(fancyhdr)                \setlength{\headheight}{14.49998pt}.
(fancyhdr)                You might also make \topmargin smaller to compensate:
(fancyhdr)                \addtolength{\topmargin}{-2.49998pt}.

[32 <./Media/Binder2.pdf_Page_07.jpg>]


Package fancyhdr Warning: \headheight is too small (12.0pt): 
(fancyhdr)                Make it at least 14.49998pt, for example:
(fancyhdr)                \setlength{\headheight}{14.49998pt}.
(fancyhdr)                You might also make \topmargin smaller to compensate:
(fancyhdr)                \addtolength{\topmargin}{-2.49998pt}.

[33 <./Media/Binder2.pdf_Page_08.jpg>]


Package fancyhdr Warning: \headheight is too small (12.0pt): 
(fancyhdr)                Make it at least 14.49998pt, for example:
(fancyhdr)                \setlength{\headheight}{14.49998pt}.
(fancyhdr)                You might also make \topmargin smaller to compensate:
(fancyhdr)                \addtolength{\topmargin}{-2.49998pt}.

[34 <./Media/Binder2.pdf_Page_09.jpg>]


Package fancyhdr Warning: \headheight is too small (12.0pt): 
(fancyhdr)                Make it at least 14.49998pt, for example:
(fancyhdr)                \setlength{\headheight}{14.49998pt}.
(fancyhdr)                You might also make \topmargin smaller to compensate:
(fancyhdr)                \addtolength{\topmargin}{-2.49998pt}.

[35 <./Media/Binder2.pdf_Page_10.jpg>]


Package fancyhdr Warning: \headheight is too small (12.0pt): 
(fancyhdr)                Make it at least 14.49998pt, for example:
(fancyhdr)                \setlength{\headheight}{14.49998pt}.
(fancyhdr)                You might also make \topmargin smaller to compensate:
(fancyhdr)                \addtolength{\topmargin}{-2.49998pt}.

[36 <./Media/Binder2.pdf_Page_11.jpg>]
<Media/Binder2.pdf_Page_12.jpg, id=232, 794.97pt x 614.65277pt>
File: Media/Binder2.pdf_Page_12.jpg Graphic file (type jpg)
<use Media/Binder2.pdf_Page_12.jpg>
Package pdftex.def Info: Media/Binder2.pdf_Page_12.jpg  used on input line 1061.
(pdftex.def)             Requested size: 362.37569pt x 280.18329pt.
<Media/Binder2.pdf_Page_13.jpg, id=233, 794.97pt x 614.65277pt>
File: Media/Binder2.pdf_Page_13.jpg Graphic file (type jpg)
<use Media/Binder2.pdf_Page_13.jpg>
Package pdftex.def Info: Media/Binder2.pdf_Page_13.jpg  used on input line 1068.
(pdftex.def)             Requested size: 362.37569pt x 280.18329pt.
<Media/Binder2.pdf_Page_14.jpg, id=234, 794.97pt x 614.65277pt>
File: Media/Binder2.pdf_Page_14.jpg Graphic file (type jpg)
<use Media/Binder2.pdf_Page_14.jpg>
Package pdftex.def Info: Media/Binder2.pdf_Page_14.jpg  used on input line 1075.
(pdftex.def)             Requested size: 362.37569pt x 280.18329pt.
<Media/Binder2.pdf_Page_15.jpg, id=235, 794.97pt x 614.65277pt>
File: Media/Binder2.pdf_Page_15.jpg Graphic file (type jpg)
<use Media/Binder2.pdf_Page_15.jpg>
Package pdftex.def Info: Media/Binder2.pdf_Page_15.jpg  used on input line 1082.
(pdftex.def)             Requested size: 362.37569pt x 280.18329pt.
<Media/Binder2.pdf_Page_16.jpg, id=236, 794.97pt x 614.65277pt>
File: Media/Binder2.pdf_Page_16.jpg Graphic file (type jpg)
<use Media/Binder2.pdf_Page_16.jpg>
Package pdftex.def Info: Media/Binder2.pdf_Page_16.jpg  used on input line 1089.
(pdftex.def)             Requested size: 362.37569pt x 280.18329pt.
<Media/Binder2.pdf_Page_17.jpg, id=237, 794.97pt x 614.65277pt>
File: Media/Binder2.pdf_Page_17.jpg Graphic file (type jpg)
<use Media/Binder2.pdf_Page_17.jpg>
Package pdftex.def Info: Media/Binder2.pdf_Page_17.jpg  used on input line 1096.
(pdftex.def)             Requested size: 362.37569pt x 280.18329pt.
<Media/Binder2.pdf_Page_18.jpg, id=238, 794.97pt x 614.65277pt>
File: Media/Binder2.pdf_Page_18.jpg Graphic file (type jpg)
<use Media/Binder2.pdf_Page_18.jpg>
Package pdftex.def Info: Media/Binder2.pdf_Page_18.jpg  used on input line 1103.
(pdftex.def)             Requested size: 362.37569pt x 280.18329pt.
<Media/Binder2.pdf_Page_19.jpg, id=239, 794.97pt x 614.65277pt>
File: Media/Binder2.pdf_Page_19.jpg Graphic file (type jpg)
<use Media/Binder2.pdf_Page_19.jpg>
Package pdftex.def Info: Media/Binder2.pdf_Page_19.jpg  used on input line 1110.
(pdftex.def)             Requested size: 362.37569pt x 280.18329pt.
<Media/Binder2.pdf_Page_20.jpg, id=240, 794.97pt x 614.65277pt>
File: Media/Binder2.pdf_Page_20.jpg Graphic file (type jpg)
<use Media/Binder2.pdf_Page_20.jpg>
Package pdftex.def Info: Media/Binder2.pdf_Page_20.jpg  used on input line 1117.
(pdftex.def)             Requested size: 362.37569pt x 280.18329pt.



Package fancyhdr Warning: \headheight is too small (12.0pt): 
(fancyhdr)                Make it at least 14.49998pt, for example:
(fancyhdr)                \setlength{\headheight}{14.49998pt}.
(fancyhdr)                You might also make \topmargin smaller to compensate:
(fancyhdr)                \addtolength{\topmargin}{-2.49998pt}.

[37

 <./Media/Binder2.pdf_Page_12.jpg>]


Package fancyhdr Warning: \headheight is too small (12.0pt): 
(fancyhdr)                Make it at least 14.49998pt, for example:
(fancyhdr)                \setlength{\headheight}{14.49998pt}.
(fancyhdr)                You might also make \topmargin smaller to compensate:
(fancyhdr)                \addtolength{\topmargin}{-2.49998pt}.

[38 <./Media/Binder2.pdf_Page_13.jpg> <./Media/Binder2.pdf_Page_14.jpg>]


Package fancyhdr Warning: \headheight is too small (12.0pt): 
(fancyhdr)                Make it at least 14.49998pt, for example:
(fancyhdr)                \setlength{\headheight}{14.49998pt}.
(fancyhdr)                You might also make \topmargin smaller to compensate:
(fancyhdr)                \addtolength{\topmargin}{-2.49998pt}.

[39 <./Media/Binder2.pdf_Page_15.jpg> <./Media/Binder2.pdf_Page_16.jpg>]


Package fancyhdr Warning: \headheight is too small (12.0pt): 
(fancyhdr)                Make it at least 14.49998pt, for example:
(fancyhdr)                \setlength{\headheight}{14.49998pt}.
(fancyhdr)                You might also make \topmargin smaller to compensate:
(fancyhdr)                \addtolength{\topmargin}{-2.49998pt}.

[40 <./Media/Binder2.pdf_Page_17.jpg> <./Media/Binder2.pdf_Page_18.jpg>]


Package fancyhdr Warning: \headheight is too small (12.0pt): 
(fancyhdr)                Make it at least 14.49998pt, for example:
(fancyhdr)                \setlength{\headheight}{14.49998pt}.
(fancyhdr)                You might also make \topmargin smaller to compensate:
(fancyhdr)                \addtolength{\topmargin}{-2.49998pt}.

[41 <./Media/Binder2.pdf_Page_19.jpg> <./Media/Binder2.pdf_Page_20.jpg>]
<Media/s1_Page_01.jpg, id=271, 794.97pt x 614.295pt>
File: Media/s1_Page_01.jpg Graphic file (type jpg)
<use Media/s1_Page_01.jpg>
Package pdftex.def Info: Media/s1_Page_01.jpg  used on input line 1129.
(pdftex.def)             Requested size: 362.37569pt x 280.02019pt.
<Media/s1_Page_02.jpg, id=272, 794.97pt x 614.295pt>
File: Media/s1_Page_02.jpg Graphic file (type jpg)
<use Media/s1_Page_02.jpg>
Package pdftex.def Info: Media/s1_Page_02.jpg  used on input line 1136.
(pdftex.def)             Requested size: 362.37569pt x 280.02019pt.
<Media/s1_Page_03.jpg, id=273, 794.97pt x 614.295pt>
File: Media/s1_Page_03.jpg Graphic file (type jpg)
<use Media/s1_Page_03.jpg>
Package pdftex.def Info: Media/s1_Page_03.jpg  used on input line 1142.
(pdftex.def)             Requested size: 362.37569pt x 280.02019pt.
<Media/s1_Page_04.jpg, id=274, 794.97pt x 614.295pt>
File: Media/s1_Page_04.jpg Graphic file (type jpg)
<use Media/s1_Page_04.jpg>
Package pdftex.def Info: Media/s1_Page_04.jpg  used on input line 1149.
(pdftex.def)             Requested size: 362.37569pt x 280.02019pt.
<Media/s1_Page_05.jpg, id=275, 794.97pt x 614.295pt>
File: Media/s1_Page_05.jpg Graphic file (type jpg)
<use Media/s1_Page_05.jpg>
Package pdftex.def Info: Media/s1_Page_05.jpg  used on input line 1156.
(pdftex.def)             Requested size: 362.37569pt x 280.02019pt.
<Media/s1_Page_06.jpg, id=276, 794.97pt x 614.295pt>
File: Media/s1_Page_06.jpg Graphic file (type jpg)
<use Media/s1_Page_06.jpg>
Package pdftex.def Info: Media/s1_Page_06.jpg  used on input line 1163.
(pdftex.def)             Requested size: 362.37569pt x 280.02019pt.
<Media/s1_Page_07.jpg, id=277, 794.97pt x 614.295pt>
File: Media/s1_Page_07.jpg Graphic file (type jpg)
<use Media/s1_Page_07.jpg>
Package pdftex.def Info: Media/s1_Page_07.jpg  used on input line 1170.
(pdftex.def)             Requested size: 362.37569pt x 280.02019pt.
<Media/s1_Page_08.jpg, id=278, 794.97pt x 614.295pt>
File: Media/s1_Page_08.jpg Graphic file (type jpg)
<use Media/s1_Page_08.jpg>
Package pdftex.def Info: Media/s1_Page_08.jpg  used on input line 1177.
(pdftex.def)             Requested size: 362.37569pt x 280.02019pt.
<Media/s1_Page_09.jpg, id=279, 794.97pt x 614.295pt>
File: Media/s1_Page_09.jpg Graphic file (type jpg)
<use Media/s1_Page_09.jpg>
Package pdftex.def Info: Media/s1_Page_09.jpg  used on input line 1184.
(pdftex.def)             Requested size: 362.37569pt x 280.02019pt.
<Media/s1_Page_10.jpg, id=280, 794.97pt x 614.295pt>
File: Media/s1_Page_10.jpg Graphic file (type jpg)
<use Media/s1_Page_10.jpg>
Package pdftex.def Info: Media/s1_Page_10.jpg  used on input line 1191.
(pdftex.def)             Requested size: 362.37569pt x 280.02019pt.
<Media/s1_Page_11.jpg, id=281, 794.97pt x 614.295pt>
File: Media/s1_Page_11.jpg Graphic file (type jpg)
<use Media/s1_Page_11.jpg>
Package pdftex.def Info: Media/s1_Page_11.jpg  used on input line 1198.
(pdftex.def)             Requested size: 362.37569pt x 280.02019pt.
<Media/s1_Page_12.jpg, id=282, 794.97pt x 614.295pt>
File: Media/s1_Page_12.jpg Graphic file (type jpg)
<use Media/s1_Page_12.jpg>
Package pdftex.def Info: Media/s1_Page_12.jpg  used on input line 1205.
(pdftex.def)             Requested size: 362.37569pt x 280.02019pt.
<Media/s1_Page_13.jpg, id=283, 794.97pt x 614.295pt>
File: Media/s1_Page_13.jpg Graphic file (type jpg)
<use Media/s1_Page_13.jpg>
Package pdftex.def Info: Media/s1_Page_13.jpg  used on input line 1212.
(pdftex.def)             Requested size: 362.37569pt x 280.02019pt.
<Media/s1_Page_14.jpg, id=284, 794.97pt x 614.295pt>
File: Media/s1_Page_14.jpg Graphic file (type jpg)
<use Media/s1_Page_14.jpg>
Package pdftex.def Info: Media/s1_Page_14.jpg  used on input line 1219.
(pdftex.def)             Requested size: 362.37569pt x 280.02019pt.
<Media/s1_Page_15.jpg, id=285, 794.97pt x 614.295pt>
File: Media/s1_Page_15.jpg Graphic file (type jpg)
<use Media/s1_Page_15.jpg>
Package pdftex.def Info: Media/s1_Page_15.jpg  used on input line 1226.
(pdftex.def)             Requested size: 362.37569pt x 280.02019pt.
<Media/s1_Page_16.jpg, id=286, 794.97pt x 614.295pt>
File: Media/s1_Page_16.jpg Graphic file (type jpg)
<use Media/s1_Page_16.jpg>
Package pdftex.def Info: Media/s1_Page_16.jpg  used on input line 1233.
(pdftex.def)             Requested size: 362.37569pt x 280.02019pt.
<Media/s1_Page_17.jpg, id=287, 794.97pt x 614.295pt>
File: Media/s1_Page_17.jpg Graphic file (type jpg)
<use Media/s1_Page_17.jpg>
Package pdftex.def Info: Media/s1_Page_17.jpg  used on input line 1240.
(pdftex.def)             Requested size: 362.37569pt x 280.02019pt.
<Media/s1_Page_18.jpg, id=288, 794.97pt x 614.295pt>
File: Media/s1_Page_18.jpg Graphic file (type jpg)
<use Media/s1_Page_18.jpg>
Package pdftex.def Info: Media/s1_Page_18.jpg  used on input line 1247.
(pdftex.def)             Requested size: 362.37569pt x 280.02019pt.
<Media/s1_Page_19.jpg, id=289, 794.97pt x 614.295pt>
File: Media/s1_Page_19.jpg Graphic file (type jpg)
<use Media/s1_Page_19.jpg>
Package pdftex.def Info: Media/s1_Page_19.jpg  used on input line 1254.
(pdftex.def)             Requested size: 362.37569pt x 280.02019pt.
<Media/s1_Page_22.jpg, id=290, 794.97pt x 614.295pt>
File: Media/s1_Page_22.jpg Graphic file (type jpg)
<use Media/s1_Page_22.jpg>
Package pdftex.def Info: Media/s1_Page_22.jpg  used on input line 1275.
(pdftex.def)             Requested size: 362.37569pt x 280.02019pt.
<Media/s1_Page_23.jpg, id=291, 794.97pt x 614.295pt>
File: Media/s1_Page_23.jpg Graphic file (type jpg)
<use Media/s1_Page_23.jpg>
Package pdftex.def Info: Media/s1_Page_23.jpg  used on input line 1282.
(pdftex.def)             Requested size: 362.37569pt x 280.02019pt.
<Media/s1_Page_24.jpg, id=292, 794.97pt x 614.295pt>
File: Media/s1_Page_24.jpg Graphic file (type jpg)
<use Media/s1_Page_24.jpg>
Package pdftex.def Info: Media/s1_Page_24.jpg  used on input line 1289.
(pdftex.def)             Requested size: 362.37569pt x 280.02019pt.
<Media/s1_Page_25.jpg, id=293, 794.97pt x 614.295pt>
File: Media/s1_Page_25.jpg Graphic file (type jpg)
<use Media/s1_Page_25.jpg>
Package pdftex.def Info: Media/s1_Page_25.jpg  used on input line 1296.
(pdftex.def)             Requested size: 362.37569pt x 280.02019pt.
<Media/s1_Page_26.jpg, id=294, 794.97pt x 614.295pt>
File: Media/s1_Page_26.jpg Graphic file (type jpg)
<use Media/s1_Page_26.jpg>
Package pdftex.def Info: Media/s1_Page_26.jpg  used on input line 1303.
(pdftex.def)             Requested size: 362.37569pt x 280.02019pt.
<Media/s1_Page_27.jpg, id=295, 794.97pt x 614.295pt>
File: Media/s1_Page_27.jpg Graphic file (type jpg)
<use Media/s1_Page_27.jpg>
Package pdftex.def Info: Media/s1_Page_27.jpg  used on input line 1310.
(pdftex.def)             Requested size: 362.37569pt x 280.02019pt.
<Media/s1_Page_29.jpg, id=296, 794.97pt x 614.295pt>
File: Media/s1_Page_29.jpg Graphic file (type jpg)
<use Media/s1_Page_29.jpg>
Package pdftex.def Info: Media/s1_Page_29.jpg  used on input line 1319.
(pdftex.def)             Requested size: 362.37569pt x 280.02019pt.
<Media/s1_Page_30.jpg, id=297, 794.97pt x 614.295pt>
File: Media/s1_Page_30.jpg Graphic file (type jpg)
<use Media/s1_Page_30.jpg>
Package pdftex.def Info: Media/s1_Page_30.jpg  used on input line 1326.
(pdftex.def)             Requested size: 362.37569pt x 280.02019pt.
<Media/s1_Page_32.jpg, id=298, 794.97pt x 614.295pt>
File: Media/s1_Page_32.jpg Graphic file (type jpg)
<use Media/s1_Page_32.jpg>
Package pdftex.def Info: Media/s1_Page_32.jpg  used on input line 1333.
(pdftex.def)             Requested size: 362.37569pt x 280.02019pt.



Package fancyhdr Warning: \headheight is too small (12.0pt): 
(fancyhdr)                Make it at least 14.49998pt, for example:
(fancyhdr)                \setlength{\headheight}{14.49998pt}.
(fancyhdr)                You might also make \topmargin smaller to compensate:
(fancyhdr)                \addtolength{\topmargin}{-2.49998pt}.

[42

 <./Media/s1_Page_01.jpg>]


Package fancyhdr Warning: \headheight is too small (12.0pt): 
(fancyhdr)                Make it at least 14.49998pt, for example:
(fancyhdr)                \setlength{\headheight}{14.49998pt}.
(fancyhdr)                You might also make \topmargin smaller to compensate:
(fancyhdr)                \addtolength{\topmargin}{-2.49998pt}.

[43 <./Media/s1_Page_02.jpg> <./Media/s1_Page_03.jpg>]


Package fancyhdr Warning: \headheight is too small (12.0pt): 
(fancyhdr)                Make it at least 14.49998pt, for example:
(fancyhdr)                \setlength{\headheight}{14.49998pt}.
(fancyhdr)                You might also make \topmargin smaller to compensate:
(fancyhdr)                \addtolength{\topmargin}{-2.49998pt}.

[44 <./Media/s1_Page_04.jpg> <./Media/s1_Page_05.jpg>]


Package fancyhdr Warning: \headheight is too small (12.0pt): 
(fancyhdr)                Make it at least 14.49998pt, for example:
(fancyhdr)                \setlength{\headheight}{14.49998pt}.
(fancyhdr)                You might also make \topmargin smaller to compensate:
(fancyhdr)                \addtolength{\topmargin}{-2.49998pt}.

[45 <./Media/s1_Page_06.jpg> <./Media/s1_Page_07.jpg>]


Package fancyhdr Warning: \headheight is too small (12.0pt): 
(fancyhdr)                Make it at least 14.49998pt, for example:
(fancyhdr)                \setlength{\headheight}{14.49998pt}.
(fancyhdr)                You might also make \topmargin smaller to compensate:
(fancyhdr)                \addtolength{\topmargin}{-2.49998pt}.

[46 <./Media/s1_Page_08.jpg> <./Media/s1_Page_09.jpg>]


Package fancyhdr Warning: \headheight is too small (12.0pt): 
(fancyhdr)                Make it at least 14.49998pt, for example:
(fancyhdr)                \setlength{\headheight}{14.49998pt}.
(fancyhdr)                You might also make \topmargin smaller to compensate:
(fancyhdr)                \addtolength{\topmargin}{-2.49998pt}.

[47 <./Media/s1_Page_10.jpg> <./Media/s1_Page_11.jpg>]


Package fancyhdr Warning: \headheight is too small (12.0pt): 
(fancyhdr)                Make it at least 14.49998pt, for example:
(fancyhdr)                \setlength{\headheight}{14.49998pt}.
(fancyhdr)                You might also make \topmargin smaller to compensate:
(fancyhdr)                \addtolength{\topmargin}{-2.49998pt}.

[48 <./Media/s1_Page_12.jpg> <./Media/s1_Page_13.jpg>]


Package fancyhdr Warning: \headheight is too small (12.0pt): 
(fancyhdr)                Make it at least 14.49998pt, for example:
(fancyhdr)                \setlength{\headheight}{14.49998pt}.
(fancyhdr)                You might also make \topmargin smaller to compensate:
(fancyhdr)                \addtolength{\topmargin}{-2.49998pt}.

[49 <./Media/s1_Page_14.jpg> <./Media/s1_Page_15.jpg>]


Package fancyhdr Warning: \headheight is too small (12.0pt): 
(fancyhdr)                Make it at least 14.49998pt, for example:
(fancyhdr)                \setlength{\headheight}{14.49998pt}.
(fancyhdr)                You might also make \topmargin smaller to compensate:
(fancyhdr)                \addtolength{\topmargin}{-2.49998pt}.

[50 <./Media/s1_Page_16.jpg> <./Media/s1_Page_17.jpg>]


Package fancyhdr Warning: \headheight is too small (12.0pt): 
(fancyhdr)                Make it at least 14.49998pt, for example:
(fancyhdr)                \setlength{\headheight}{14.49998pt}.
(fancyhdr)                You might also make \topmargin smaller to compensate:
(fancyhdr)                \addtolength{\topmargin}{-2.49998pt}.

[51 <./Media/s1_Page_18.jpg> <./Media/s1_Page_19.jpg>]


Package fancyhdr Warning: \headheight is too small (12.0pt): 
(fancyhdr)                Make it at least 14.49998pt, for example:
(fancyhdr)                \setlength{\headheight}{14.49998pt}.
(fancyhdr)                You might also make \topmargin smaller to compensate:
(fancyhdr)                \addtolength{\topmargin}{-2.49998pt}.

[52 <./Media/s1_Page_22.jpg> <./Media/s1_Page_23.jpg>]


Package fancyhdr Warning: \headheight is too small (12.0pt): 
(fancyhdr)                Make it at least 14.49998pt, for example:
(fancyhdr)                \setlength{\headheight}{14.49998pt}.
(fancyhdr)                You might also make \topmargin smaller to compensate:
(fancyhdr)                \addtolength{\topmargin}{-2.49998pt}.

[53 <./Media/s1_Page_24.jpg> <./Media/s1_Page_25.jpg>]


Package fancyhdr Warning: \headheight is too small (12.0pt): 
(fancyhdr)                Make it at least 14.49998pt, for example:
(fancyhdr)                \setlength{\headheight}{14.49998pt}.
(fancyhdr)                You might also make \topmargin smaller to compensate:
(fancyhdr)                \addtolength{\topmargin}{-2.49998pt}.

[54 <./Media/s1_Page_26.jpg> <./Media/s1_Page_27.jpg>]


Package fancyhdr Warning: \headheight is too small (12.0pt): 
(fancyhdr)                Make it at least 14.49998pt, for example:
(fancyhdr)                \setlength{\headheight}{14.49998pt}.
(fancyhdr)                You might also make \topmargin smaller to compensate:
(fancyhdr)                \addtolength{\topmargin}{-2.49998pt}.

[55 <./Media/s1_Page_29.jpg> <./Media/s1_Page_30.jpg>]


Package fancyhdr Warning: \headheight is too small (12.0pt): 
(fancyhdr)                Make it at least 14.49998pt, for example:
(fancyhdr)                \setlength{\headheight}{14.49998pt}.
(fancyhdr)                You might also make \topmargin smaller to compensate:
(fancyhdr)                \addtolength{\topmargin}{-2.49998pt}.

[56 <./Media/s1_Page_32.jpg>]
<Media/c1_Page_02.jpg, id=391, 794.97pt x 614.295pt>
File: Media/c1_Page_02.jpg Graphic file (type jpg)
<use Media/c1_Page_02.jpg>
Package pdftex.def Info: Media/c1_Page_02.jpg  used on input line 1354.
(pdftex.def)             Requested size: 362.37569pt x 280.02019pt.
<Media/c1_Page_03.jpg, id=392, 794.97pt x 614.295pt>
File: Media/c1_Page_03.jpg Graphic file (type jpg)
<use Media/c1_Page_03.jpg>
Package pdftex.def Info: Media/c1_Page_03.jpg  used on input line 1361.
(pdftex.def)             Requested size: 362.37569pt x 280.02019pt.
<Media/c1_Page_04.jpg, id=393, 794.97pt x 614.295pt>
File: Media/c1_Page_04.jpg Graphic file (type jpg)
<use Media/c1_Page_04.jpg>
Package pdftex.def Info: Media/c1_Page_04.jpg  used on input line 1368.
(pdftex.def)             Requested size: 362.37569pt x 280.02019pt.
<Media/c1_Page_05.jpg, id=394, 794.97pt x 614.295pt>
File: Media/c1_Page_05.jpg Graphic file (type jpg)
<use Media/c1_Page_05.jpg>
Package pdftex.def Info: Media/c1_Page_05.jpg  used on input line 1375.
(pdftex.def)             Requested size: 362.37569pt x 280.02019pt.
<Media/c1_Page_06.jpg, id=395, 794.97pt x 614.295pt>
File: Media/c1_Page_06.jpg Graphic file (type jpg)
<use Media/c1_Page_06.jpg>
Package pdftex.def Info: Media/c1_Page_06.jpg  used on input line 1382.
(pdftex.def)             Requested size: 362.37569pt x 280.02019pt.
<Media/c1_Page_07.jpg, id=396, 794.97pt x 614.295pt>
File: Media/c1_Page_07.jpg Graphic file (type jpg)
<use Media/c1_Page_07.jpg>
Package pdftex.def Info: Media/c1_Page_07.jpg  used on input line 1389.
(pdftex.def)             Requested size: 362.37569pt x 280.02019pt.
<Media/c1_Page_08.jpg, id=397, 794.97pt x 614.295pt>
File: Media/c1_Page_08.jpg Graphic file (type jpg)
<use Media/c1_Page_08.jpg>
Package pdftex.def Info: Media/c1_Page_08.jpg  used on input line 1397.
(pdftex.def)             Requested size: 362.37569pt x 280.02019pt.
<Media/c1_Page_09.jpg, id=398, 794.97pt x 614.295pt>
File: Media/c1_Page_09.jpg Graphic file (type jpg)
<use Media/c1_Page_09.jpg>
Package pdftex.def Info: Media/c1_Page_09.jpg  used on input line 1404.
(pdftex.def)             Requested size: 362.37569pt x 280.02019pt.
<Media/c1_Page_10.jpg, id=399, 794.97pt x 614.295pt>
File: Media/c1_Page_10.jpg Graphic file (type jpg)
<use Media/c1_Page_10.jpg>
Package pdftex.def Info: Media/c1_Page_10.jpg  used on input line 1411.
(pdftex.def)             Requested size: 362.37569pt x 280.02019pt.
<Media/c1_Page_18.jpg, id=400, 794.97pt x 614.295pt>
File: Media/c1_Page_18.jpg Graphic file (type jpg)
<use Media/c1_Page_18.jpg>
Package pdftex.def Info: Media/c1_Page_18.jpg  used on input line 1467.
(pdftex.def)             Requested size: 362.37569pt x 280.02019pt.
<Media/c1_Page_19.jpg, id=401, 794.97pt x 614.295pt>
File: Media/c1_Page_19.jpg Graphic file (type jpg)
<use Media/c1_Page_19.jpg>
Package pdftex.def Info: Media/c1_Page_19.jpg  used on input line 1474.
(pdftex.def)             Requested size: 362.37569pt x 280.02019pt.
<Media/c1_Page_20.jpg, id=402, 794.97pt x 614.295pt>
File: Media/c1_Page_20.jpg Graphic file (type jpg)
<use Media/c1_Page_20.jpg>
Package pdftex.def Info: Media/c1_Page_20.jpg  used on input line 1481.
(pdftex.def)             Requested size: 362.37569pt x 280.02019pt.
<Media/c1_Page_21.jpg, id=403, 794.97pt x 614.295pt>
File: Media/c1_Page_21.jpg Graphic file (type jpg)
<use Media/c1_Page_21.jpg>
Package pdftex.def Info: Media/c1_Page_21.jpg  used on input line 1488.
(pdftex.def)             Requested size: 362.37569pt x 280.02019pt.
<Media/c1_Page_26.jpg, id=404, 794.97pt x 614.295pt>
File: Media/c1_Page_26.jpg Graphic file (type jpg)
<use Media/c1_Page_26.jpg>
Package pdftex.def Info: Media/c1_Page_26.jpg  used on input line 1523.
(pdftex.def)             Requested size: 362.37569pt x 280.02019pt.
<Media/c1_Page_27.jpg, id=405, 794.97pt x 614.295pt>
File: Media/c1_Page_27.jpg Graphic file (type jpg)
<use Media/c1_Page_27.jpg>
Package pdftex.def Info: Media/c1_Page_27.jpg  used on input line 1530.
(pdftex.def)             Requested size: 362.37569pt x 280.02019pt.
<Media/c1_Page_28.jpg, id=406, 794.97pt x 614.295pt>
File: Media/c1_Page_28.jpg Graphic file (type jpg)
<use Media/c1_Page_28.jpg>
Package pdftex.def Info: Media/c1_Page_28.jpg  used on input line 1537.
(pdftex.def)             Requested size: 362.37569pt x 280.02019pt.
<Media/c1_Page_29.jpg, id=407, 794.97pt x 614.295pt>
File: Media/c1_Page_29.jpg Graphic file (type jpg)
<use Media/c1_Page_29.jpg>
Package pdftex.def Info: Media/c1_Page_29.jpg  used on input line 1544.
(pdftex.def)             Requested size: 362.37569pt x 280.02019pt.
<Media/c1_Page_31.jpg, id=408, 794.97pt x 614.295pt>
File: Media/c1_Page_31.jpg Graphic file (type jpg)
<use Media/c1_Page_31.jpg>
Package pdftex.def Info: Media/c1_Page_31.jpg  used on input line 1558.
(pdftex.def)             Requested size: 362.37569pt x 280.02019pt.
<Media/c1_Page_32.jpg, id=409, 794.97pt x 614.295pt>
File: Media/c1_Page_32.jpg Graphic file (type jpg)
<use Media/c1_Page_32.jpg>
Package pdftex.def Info: Media/c1_Page_32.jpg  used on input line 1565.
(pdftex.def)             Requested size: 362.37569pt x 280.02019pt.
<Media/c1_Page_33.jpg, id=410, 794.97pt x 614.295pt>
File: Media/c1_Page_33.jpg Graphic file (type jpg)
<use Media/c1_Page_33.jpg>
Package pdftex.def Info: Media/c1_Page_33.jpg  used on input line 1572.
(pdftex.def)             Requested size: 362.37569pt x 280.02019pt.
<Media/c1_Page_34.jpg, id=411, 794.97pt x 614.295pt>
File: Media/c1_Page_34.jpg Graphic file (type jpg)
<use Media/c1_Page_34.jpg>
Package pdftex.def Info: Media/c1_Page_34.jpg  used on input line 1579.
(pdftex.def)             Requested size: 362.37569pt x 280.02019pt.
<Media/c1_Page_36.jpg, id=412, 794.97pt x 614.295pt>
File: Media/c1_Page_36.jpg Graphic file (type jpg)
<use Media/c1_Page_36.jpg>
Package pdftex.def Info: Media/c1_Page_36.jpg  used on input line 1593.
(pdftex.def)             Requested size: 362.37569pt x 280.02019pt.



Package fancyhdr Warning: \headheight is too small (12.0pt): 
(fancyhdr)                Make it at least 14.49998pt, for example:
(fancyhdr)                \setlength{\headheight}{14.49998pt}.
(fancyhdr)                You might also make \topmargin smaller to compensate:
(fancyhdr)                \addtolength{\topmargin}{-2.49998pt}.

[57

 <./Media/c1_Page_02.jpg>]


Package fancyhdr Warning: \headheight is too small (12.0pt): 
(fancyhdr)                Make it at least 14.49998pt, for example:
(fancyhdr)                \setlength{\headheight}{14.49998pt}.
(fancyhdr)                You might also make \topmargin smaller to compensate:
(fancyhdr)                \addtolength{\topmargin}{-2.49998pt}.

[58 <./Media/c1_Page_03.jpg> <./Media/c1_Page_04.jpg>]


Package fancyhdr Warning: \headheight is too small (12.0pt): 
(fancyhdr)                Make it at least 14.49998pt, for example:
(fancyhdr)                \setlength{\headheight}{14.49998pt}.
(fancyhdr)                You might also make \topmargin smaller to compensate:
(fancyhdr)                \addtolength{\topmargin}{-2.49998pt}.

[59 <./Media/c1_Page_05.jpg> <./Media/c1_Page_06.jpg>]


Package fancyhdr Warning: \headheight is too small (12.0pt): 
(fancyhdr)                Make it at least 14.49998pt, for example:
(fancyhdr)                \setlength{\headheight}{14.49998pt}.
(fancyhdr)                You might also make \topmargin smaller to compensate:
(fancyhdr)                \addtolength{\topmargin}{-2.49998pt}.

[60 <./Media/c1_Page_07.jpg> <./Media/c1_Page_08.jpg>]


Package fancyhdr Warning: \headheight is too small (12.0pt): 
(fancyhdr)                Make it at least 14.49998pt, for example:
(fancyhdr)                \setlength{\headheight}{14.49998pt}.
(fancyhdr)                You might also make \topmargin smaller to compensate:
(fancyhdr)                \addtolength{\topmargin}{-2.49998pt}.

[61 <./Media/c1_Page_09.jpg> <./Media/c1_Page_10.jpg>]


Package fancyhdr Warning: \headheight is too small (12.0pt): 
(fancyhdr)                Make it at least 14.49998pt, for example:
(fancyhdr)                \setlength{\headheight}{14.49998pt}.
(fancyhdr)                You might also make \topmargin smaller to compensate:
(fancyhdr)                \addtolength{\topmargin}{-2.49998pt}.

[62 <./Media/c1_Page_18.jpg> <./Media/c1_Page_19.jpg>]


Package fancyhdr Warning: \headheight is too small (12.0pt): 
(fancyhdr)                Make it at least 14.49998pt, for example:
(fancyhdr)                \setlength{\headheight}{14.49998pt}.
(fancyhdr)                You might also make \topmargin smaller to compensate:
(fancyhdr)                \addtolength{\topmargin}{-2.49998pt}.

[63 <./Media/c1_Page_20.jpg> <./Media/c1_Page_21.jpg>]


Package fancyhdr Warning: \headheight is too small (12.0pt): 
(fancyhdr)                Make it at least 14.49998pt, for example:
(fancyhdr)                \setlength{\headheight}{14.49998pt}.
(fancyhdr)                You might also make \topmargin smaller to compensate:
(fancyhdr)                \addtolength{\topmargin}{-2.49998pt}.

[64 <./Media/c1_Page_26.jpg> <./Media/c1_Page_27.jpg>]


Package fancyhdr Warning: \headheight is too small (12.0pt): 
(fancyhdr)                Make it at least 14.49998pt, for example:
(fancyhdr)                \setlength{\headheight}{14.49998pt}.
(fancyhdr)                You might also make \topmargin smaller to compensate:
(fancyhdr)                \addtolength{\topmargin}{-2.49998pt}.

[65 <./Media/c1_Page_28.jpg> <./Media/c1_Page_29.jpg>]


Package fancyhdr Warning: \headheight is too small (12.0pt): 
(fancyhdr)                Make it at least 14.49998pt, for example:
(fancyhdr)                \setlength{\headheight}{14.49998pt}.
(fancyhdr)                You might also make \topmargin smaller to compensate:
(fancyhdr)                \addtolength{\topmargin}{-2.49998pt}.

[66 <./Media/c1_Page_31.jpg> <./Media/c1_Page_32.jpg>]


Package fancyhdr Warning: \headheight is too small (12.0pt): 
(fancyhdr)                Make it at least 14.49998pt, for example:
(fancyhdr)                \setlength{\headheight}{14.49998pt}.
(fancyhdr)                You might also make \topmargin smaller to compensate:
(fancyhdr)                \addtolength{\topmargin}{-2.49998pt}.

[67 <./Media/c1_Page_33.jpg> <./Media/c1_Page_34.jpg>]


Package fancyhdr Warning: \headheight is too small (12.0pt): 
(fancyhdr)                Make it at least 14.49998pt, for example:
(fancyhdr)                \setlength{\headheight}{14.49998pt}.
(fancyhdr)                You might also make \topmargin smaller to compensate:
(fancyhdr)                \addtolength{\topmargin}{-2.49998pt}.

[68 <./Media/c1_Page_36.jpg>]

LaTeX Warning: File `Media/c.pdf' not found on input line 1606.


c:/Users/naqee/OneDrive1/Desktop/FYP Startup/Documentation/Design Documents/Latex Code/main.tex:1606: Package pdftex.def Error: File `Media/c.pdf' not found: using draft setting.

See the pdftex.def package documentation for explanation.
Type  H <return>  for immediate help.
 ...                                              
                                                  
l.1606 ...graphics[width=1\textwidth]{Media/c.pdf}
                                                   % Path to your image
Try typing  <return>  to proceed.
If that doesn't work, type  X <return>  to quit.




Package fancyhdr Warning: \headheight is too small (12.0pt): 
(fancyhdr)                Make it at least 14.49998pt, for example:
(fancyhdr)                \setlength{\headheight}{14.49998pt}.
(fancyhdr)                You might also make \topmargin smaller to compensate:
(fancyhdr)                \addtolength{\topmargin}{-2.49998pt}.

[69

]
<Media/com.jpg, id=495, 722.7pt x 499.8675pt>
File: Media/com.jpg Graphic file (type jpg)
<use Media/com.jpg>
Package pdftex.def Info: Media/com.jpg  used on input line 1615.
(pdftex.def)             Requested size: 452.9679pt x 313.30118pt.



Package fancyhdr Warning: \headheight is too small (12.0pt): 
(fancyhdr)                Make it at least 14.49998pt, for example:
(fancyhdr)                \setlength{\headheight}{14.49998pt}.
(fancyhdr)                You might also make \topmargin smaller to compensate:
(fancyhdr)                \addtolength{\topmargin}{-2.49998pt}.

[70

 <./Media/com.jpg>]
<Media/d.jpg, id=502, 691.08188pt x 493.0922pt>
File: Media/d.jpg Graphic file (type jpg)
<use Media/d.jpg>
Package pdftex.def Info: Media/d.jpg  used on input line 1624.
(pdftex.def)             Requested size: 452.9679pt x 323.1997pt.



Package fancyhdr Warning: \headheight is too small (12.0pt): 
(fancyhdr)                Make it at least 14.49998pt, for example:
(fancyhdr)                \setlength{\headheight}{14.49998pt}.
(fancyhdr)                You might also make \topmargin smaller to compensate:
(fancyhdr)                \addtolength{\topmargin}{-2.49998pt}.

[71

 <./Media/d.jpg>]
<Media/er.jpg, id=509, 699.36281pt x 499.11469pt>
File: Media/er.jpg Graphic file (type jpg)
<use Media/er.jpg>
Package pdftex.def Info: Media/er.jpg  used on input line 1643.
(pdftex.def)             Requested size: 452.9679pt x 323.27069pt.



Package fancyhdr Warning: \headheight is too small (12.0pt): 
(fancyhdr)                Make it at least 14.49998pt, for example:
(fancyhdr)                \setlength{\headheight}{14.49998pt}.
(fancyhdr)                You might also make \topmargin smaller to compensate:
(fancyhdr)                \addtolength{\topmargin}{-2.49998pt}.

[72


 <./Media/er.jpg>]
Underfull \hbox (badness 1789) in paragraph at lines 1654--1655
[]\OT1/cmr/m/n/12 Unbounce, \Un-bounce Web Builder," [On-line]. Avail-able: []$\OT1/cmtt/m/n/12 https : / / app .
 []




Package fancyhdr Warning: \headheight is too small (12.0pt): 
(fancyhdr)                Make it at least 14.49998pt, for example:
(fancyhdr)                \setlength{\headheight}{14.49998pt}.
(fancyhdr)                You might also make \topmargin smaller to compensate:
(fancyhdr)                \addtolength{\topmargin}{-2.49998pt}.

[73

] (main.aux)
 ***********
LaTeX2e <2024-06-01> patch level 2
L3 programming layer <2024-08-30>
 ***********


LaTeX Warning: Label(s) may have changed. Rerun to get cross-references right.


Package rerunfilecheck Warning: File `main.out' has changed.
(rerunfilecheck)                Rerun to get outlines right
(rerunfilecheck)                or use package `bookmark'.

Package rerunfilecheck Info: Checksums for `main.out':
(rerunfilecheck)             Before: <no file>
(rerunfilecheck)             After:  2C393BE72D88A69CDB4D158F9524770B;3044.
 ) 
Here is how much of TeX's memory you used:
 12207 strings out of 473899
 204566 string characters out of 5726500
 702505 words of memory out of 5000000
 34731 multiletter control sequences out of 15000+600000
 564041 words of font info for 56 fonts, out of 8000000 for 9000
 1141 hyphenation exceptions out of 8191
 79i,11n,93p,678b,550s stack positions out of 10000i,1000n,20000p,200000b,200000s
 <C:\Users\naqee\AppData\Local\MiKTeX\fonts/pk/ljfour/jknappen/ec/dpi600\tcrm1200.pk><C:/Users/naqee/AppData/Local/Programs/MiKTeX/fonts/type1/public/amsfonts/cm/cmbx12.pfb><C:/Users/naqee/AppData/Local/Programs/MiKTeX/fonts/type1/public/amsfonts/cm/cmr12.pfb><C:/Users/naqee/AppData/Local/Programs/MiKTeX/fonts/type1/public/amsfonts/cm/cmr17.pfb><C:/Users/naqee/AppData/Local/Programs/MiKTeX/fonts/type1/public/amsfonts/cm/cmtt12.pfb>
Output written on main.pdf (74 pages, 5374574 bytes).
PDF statistics:
 609 PDF objects out of 1000 (max. 8388607)
 200 named destinations out of 1000 (max. 500000)
 381 words of extra memory for PDF output out of 10000 (max. 10000000)

